<?xml version="1.0" encoding="UTF-8"?>
<!-- Generated by org.testng.reporters.JUnitReportReporter -->
<testsuite hostname="LAPTOP-KOGRFUDK" failures="0" tests="4" name="api.test.UserTests" time="4.603" errors="0" timestamp="2024-01-11T21:02:31 CET" skipped="0">
  <testcase classname="api.test.UserTests" name="testPostUser" time="2.030"/>
  <system-out/>
  <testcase classname="api.test.UserTests" name="testGetUserByName" time="0.600"/>
  <system-out/>
  <testcase classname="api.test.UserTests" name="testUpdateUserByName" time="1.357"/>
  <system-out/>
  <testcase classname="api.test.UserTests" name="testDeleteUserByName" time="0.616"/>
  <system-out/>
</testsuite> <!-- api.test.UserTests -->
