<?xml version="1.0" encoding="UTF-8"?>
<!-- Generated by org.testng.reporters.JUnitReportReporter -->
<testsuite hostname="LAPTOP-KOGRFUDK" failures="0" tests="4" name="api.test.UserTests2" time="4.422" errors="0" timestamp="2024-01-11T23:36:58 CET" skipped="0">
  <testcase classname="api.test.UserTests2" name="testPostUser" time="2.091"/>
  <system-out/>
  <testcase classname="api.test.UserTests2" name="testGetUserByName" time="0.617"/>
  <system-out/>
  <testcase classname="api.test.UserTests2" name="testUpdateUserByName" time="1.150"/>
  <system-out/>
  <testcase classname="api.test.UserTests2" name="testDeleteUserByName" time="0.564"/>
  <system-out/>
</testsuite> <!-- api.test.UserTests2 -->
