<?xml version="1.0" encoding="UTF-8"?>
<!-- Generated by org.testng.reporters.JUnitReportReporter -->
<testsuite hostname="LAPTOP-KOGRFUDK" failures="0" tests="4" name="api.test.UserTests2" time="5.441" errors="0" timestamp="2024-01-12T14:09:25 CET" skipped="0">
  <testcase classname="api.test.UserTests2" name="testPostUser" time="2.711"/>
  <system-out/>
  <testcase classname="api.test.UserTests2" name="testGetUserByName" time="0.724"/>
  <system-out/>
  <testcase classname="api.test.UserTests2" name="testUpdateUserByName" time="1.431"/>
  <system-out/>
  <testcase classname="api.test.UserTests2" name="testDeleteUserByName" time="0.575"/>
  <system-out/>
</testsuite> <!-- api.test.UserTests2 -->
